<?xml version="1.0" encoding="UTF-8"?>
<testng-results skipped="0" failed="0" ignored="0" total="1" passed="1">
  <reporter-output>
  </reporter-output>
  <suite name="Default suite" duration-ms="50563" started-at="2019-12-28T09:43:46Z" finished-at="2019-12-28T09:44:37Z">
    <groups>
    </groups>
    <test name="Default test" duration-ms="50563" started-at="2019-12-28T09:43:46Z" finished-at="2019-12-28T09:44:37Z">
      <class name="com.maven.selenium.Demo">
        <test-method status="PASS" signature="demoTest()[pri:0, instance:com.maven.selenium.Demo@724af044]" name="demoTest" duration-ms="50500" started-at="2019-12-28T09:43:46Z" finished-at="2019-12-28T09:44:37Z">
          <reporter-output>
          </reporter-output>
        </test-method> <!-- demoTest -->
      </class> <!-- com.maven.selenium.Demo -->
    </test> <!-- Default test -->
  </suite> <!-- Default suite -->
</testng-results>
