<?xml version="1.0" encoding="UTF-8"?>
<testng-results skipped="0" failed="1" ignored="0" total="2" passed="1">
  <reporter-output>
  </reporter-output>
  <suite name="MavenProject" duration-ms="18044" started-at="2019-12-22T04:39:58Z" finished-at="2019-12-22T04:40:16Z">
    <groups>
    </groups>
    <test name="Allscripts" duration-ms="18044" started-at="2019-12-22T04:39:58Z" finished-at="2019-12-22T04:40:16Z">
      <class name="com.maven.selenium.Sample">
        <test-method status="PASS" signature="sampletest()[pri:0, instance:com.maven.selenium.Sample@6767c1fc]" name="sampletest" duration-ms="14740" started-at="2019-12-22T04:40:01Z" finished-at="2019-12-22T04:40:16Z">
          <reporter-output>
          </reporter-output>
        </test-method> <!-- sampletest -->
      </class> <!-- com.maven.selenium.Sample -->
      <class name="com.maven.selenium.Demo">
        <test-method status="FAIL" signature="demoTest()[pri:0, instance:com.maven.selenium.Demo@4678c730]" name="demoTest" duration-ms="3241" started-at="2019-12-22T04:39:58Z" finished-at="2019-12-22T04:40:01Z">
          <exception class="org.openqa.selenium.SessionNotCreatedException">
            <message>
              <![CDATA[session not created: This version of ChromeDriver only supports Chrome version 80
Build info: version: '3.141.59', revision: 'e82be7d358', time: '2018-11-14T08:17:03'
System info: host: 'NOTFOUND', ip: '192.168.15.1', os.name: 'Windows 8.1', os.arch: 'amd64', os.version: '6.3', java.version: '1.8.0_192'
Driver info: driver.version: ChromeDriver
remote stacktrace: Backtrace:
Ordinal0 [0x01260AE3+1706723]
Ordinal0 [0x011C68C1+1075393]
Ordinal0 [0x0113DFA9+516009]
Ordinal0 [0x010D0554+66900]
Ordinal0 [0x010CCCE2+52450]
Ordinal0 [0x010EBFD7+180183]
Ordinal0 [0x010EBDDD+179677]
Ordinal0 [0x010E9D4B+171339]
Ordinal0 [0x010D1D4A+73034]
Ordinal0 [0x010D2DC0+77248]
Ordinal0 [0x010D2D59+77145]
Ordinal0 [0x011DBB37+1162039]
GetHandleVerifier [0x012FA7C6+508998]
GetHandleVerifier [0x012FA504+508292]
GetHandleVerifier [0x0130F617+594583]
GetHandleVerifier [0x012FB036+511158]
Ordinal0 [0x011D3FFC+1130492]
Ordinal0 [0x011DD49B+1168539]
Ordinal0 [0x011DD603+1168899]
Ordinal0 [0x011F5B05+1268485]
BaseThreadInitThunk [0x772C7C04+36]
RtlInitializeExceptionChain [0x7766AB8F+143]
RtlInitializeExceptionChain [0x7766AB5A+90]
]]>
            </message>
            <full-stacktrace>
              <![CDATA[org.openqa.selenium.SessionNotCreatedException: session not created: This version of ChromeDriver only supports Chrome version 80
Build info: version: '3.141.59', revision: 'e82be7d358', time: '2018-11-14T08:17:03'
System info: host: 'NOTFOUND', ip: '192.168.15.1', os.name: 'Windows 8.1', os.arch: 'amd64', os.version: '6.3', java.version: '1.8.0_192'
Driver info: driver.version: ChromeDriver
remote stacktrace: Backtrace:
Ordinal0 [0x01260AE3+1706723]
Ordinal0 [0x011C68C1+1075393]
Ordinal0 [0x0113DFA9+516009]
Ordinal0 [0x010D0554+66900]
Ordinal0 [0x010CCCE2+52450]
Ordinal0 [0x010EBFD7+180183]
Ordinal0 [0x010EBDDD+179677]
Ordinal0 [0x010E9D4B+171339]
Ordinal0 [0x010D1D4A+73034]
Ordinal0 [0x010D2DC0+77248]
Ordinal0 [0x010D2D59+77145]
Ordinal0 [0x011DBB37+1162039]
GetHandleVerifier [0x012FA7C6+508998]
GetHandleVerifier [0x012FA504+508292]
GetHandleVerifier [0x0130F617+594583]
GetHandleVerifier [0x012FB036+511158]
Ordinal0 [0x011D3FFC+1130492]
Ordinal0 [0x011DD49B+1168539]
Ordinal0 [0x011DD603+1168899]
Ordinal0 [0x011F5B05+1268485]
BaseThreadInitThunk [0x772C7C04+36]
RtlInitializeExceptionChain [0x7766AB8F+143]
RtlInitializeExceptionChain [0x7766AB5A+90]

at sun.reflect.NativeConstructorAccessorImpl.newInstance0(Native Method)
at sun.reflect.NativeConstructorAccessorImpl.newInstance(NativeConstructorAccessorImpl.java:62)
at sun.reflect.DelegatingConstructorAccessorImpl.newInstance(DelegatingConstructorAccessorImpl.java:45)
at java.lang.reflect.Constructor.newInstance(Constructor.java:423)
at org.openqa.selenium.remote.W3CHandshakeResponse.lambda$errorHandler$0(W3CHandshakeResponse.java:62)
at org.openqa.selenium.remote.HandshakeResponse.lambda$getResponseFunction$0(HandshakeResponse.java:30)
at org.openqa.selenium.remote.ProtocolHandshake.lambda$createSession$0(ProtocolHandshake.java:126)
at java.util.stream.ReferencePipeline$3$1.accept(ReferencePipeline.java:193)
at java.util.Spliterators$ArraySpliterator.tryAdvance(Spliterators.java:958)
at java.util.stream.ReferencePipeline.forEachWithCancel(ReferencePipeline.java:126)
at java.util.stream.AbstractPipeline.copyIntoWithCancel(AbstractPipeline.java:498)
at java.util.stream.AbstractPipeline.copyInto(AbstractPipeline.java:485)
at java.util.stream.AbstractPipeline.wrapAndCopyInto(AbstractPipeline.java:471)
at java.util.stream.FindOps$FindOp.evaluateSequential(FindOps.java:152)
at java.util.stream.AbstractPipeline.evaluate(AbstractPipeline.java:234)
at java.util.stream.ReferencePipeline.findFirst(ReferencePipeline.java:464)
at org.openqa.selenium.remote.ProtocolHandshake.createSession(ProtocolHandshake.java:128)
at org.openqa.selenium.remote.ProtocolHandshake.createSession(ProtocolHandshake.java:74)
at org.openqa.selenium.remote.HttpCommandExecutor.execute(HttpCommandExecutor.java:136)
at org.openqa.selenium.remote.service.DriverCommandExecutor.execute(DriverCommandExecutor.java:83)
at org.openqa.selenium.remote.RemoteWebDriver.execute(RemoteWebDriver.java:552)
at org.openqa.selenium.remote.RemoteWebDriver.startSession(RemoteWebDriver.java:213)
at org.openqa.selenium.remote.RemoteWebDriver.<init>(RemoteWebDriver.java:131)
at org.openqa.selenium.chrome.ChromeDriver.<init>(ChromeDriver.java:181)
at org.openqa.selenium.chrome.ChromeDriver.<init>(ChromeDriver.java:168)
at org.openqa.selenium.chrome.ChromeDriver.<init>(ChromeDriver.java:123)
at com.maven.selenium.Demo.demoTest(Demo.java:12)
at sun.reflect.NativeMethodAccessorImpl.invoke0(Native Method)
at sun.reflect.NativeMethodAccessorImpl.invoke(NativeMethodAccessorImpl.java:62)
at sun.reflect.DelegatingMethodAccessorImpl.invoke(DelegatingMethodAccessorImpl.java:43)
at java.lang.reflect.Method.invoke(Method.java:498)
at org.testng.internal.MethodInvocationHelper.invokeMethod(MethodInvocationHelper.java:124)
at org.testng.internal.Invoker.invokeMethod(Invoker.java:583)
at org.testng.internal.Invoker.invokeTestMethod(Invoker.java:719)
at org.testng.internal.Invoker.invokeTestMethods(Invoker.java:989)
at org.testng.internal.TestMethodWorker.invokeTestMethods(TestMethodWorker.java:125)
at org.testng.internal.TestMethodWorker.run(TestMethodWorker.java:109)
at org.testng.TestRunner.privateRun(TestRunner.java:648)
at org.testng.TestRunner.run(TestRunner.java:505)
at org.testng.SuiteRunner.runTest(SuiteRunner.java:455)
at org.testng.SuiteRunner.runSequentially(SuiteRunner.java:450)
at org.testng.SuiteRunner.privateRun(SuiteRunner.java:415)
at org.testng.SuiteRunner.run(SuiteRunner.java:364)
at org.testng.SuiteRunnerWorker.runSuite(SuiteRunnerWorker.java:52)
at org.testng.SuiteRunnerWorker.run(SuiteRunnerWorker.java:84)
at org.testng.TestNG.runSuitesSequentially(TestNG.java:1208)
at org.testng.TestNG.runSuitesLocally(TestNG.java:1137)
at org.testng.TestNG.runSuites(TestNG.java:1049)
at org.testng.TestNG.run(TestNG.java:1017)
at org.testng.remote.AbstractRemoteTestNG.run(AbstractRemoteTestNG.java:115)
at org.testng.remote.RemoteTestNG.initAndRun(RemoteTestNG.java:251)
at org.testng.remote.RemoteTestNG.main(RemoteTestNG.java:77)
]]>
            </full-stacktrace>
          </exception> <!-- org.openqa.selenium.SessionNotCreatedException -->
          <reporter-output>
          </reporter-output>
        </test-method> <!-- demoTest -->
      </class> <!-- com.maven.selenium.Demo -->
    </test> <!-- Allscripts -->
  </suite> <!-- MavenProject -->
</testng-results>
